<?xml version="1.0" encoding="UTF-8"?>
<!-- Generated by org.testng.reporters.JUnitReportReporter -->
<testsuite hostname="XE-T-AMITKUMAR" name="uk.co.automatictester.jwebfwk.runners.DownloadFeatureRunner_Copy" tests="1" failures="0" timestamp="30 Sep 2016 05:48:28 GMT" time="11.788" errors="0">
  <testcase name="run_cukes" time="11.788" classname="uk.co.automatictester.jwebfwk.runners.DownloadFeatureRunner_Copy"/>
</testsuite> <!-- uk.co.automatictester.jwebfwk.runners.DownloadFeatureRunner_Copy -->
