<?xml version="1.0" encoding="UTF-8"?>
<!-- Generated by org.testng.reporters.JUnitReportReporter -->
<testsuite hostname="XE-T-AMITKUMAR" name="uk.co.automatictester.jwebfwk.runners.DownloadFeatureRunner_Copy" tests="1" failures="0" timestamp="3 Oct 2016 11:01:16 GMT" time="43.784" errors="0">
  <testcase name="run_cukes" time="43.784" classname="uk.co.automatictester.jwebfwk.runners.DownloadFeatureRunner_Copy"/>
</testsuite> <!-- uk.co.automatictester.jwebfwk.runners.DownloadFeatureRunner_Copy -->
