<?xml version="1.0" encoding="UTF-8"?>
<!-- Generated by org.testng.reporters.JUnitReportReporter -->
<testsuite hostname="XE-T-AMITKUMAR" name="uk.co.automatictester.jwebfwk.glue.ReportGenerator" tests="1" failures="0" timestamp="3 Oct 2016 11:01:16 GMT" time="1.458" errors="0">
  <testcase name="reportCreator" time="1.458" classname="uk.co.automatictester.jwebfwk.glue.ReportGenerator"/>
</testsuite> <!-- uk.co.automatictester.jwebfwk.glue.ReportGenerator -->
