<?xml version="1.0" encoding="UTF-8"?>
<!-- Generated by org.testng.reporters.JUnitReportReporter -->
<testsuite hostname="XE-T-AMITKUMAR" name="uk.co.automatictester.jwebfwk.runners.DownloadFeatureRunner" tests="1" failures="0" timestamp="3 Oct 2016 11:01:16 GMT" time="37.821" errors="0">
  <testcase name="run_cukes" time="37.821" classname="uk.co.automatictester.jwebfwk.runners.DownloadFeatureRunner"/>
</testsuite> <!-- uk.co.automatictester.jwebfwk.runners.DownloadFeatureRunner -->
